\BOOKMARK [1][-]{section.1}{はじめに}{}% 1
\BOOKMARK [2][-]{subsection.1.1}{研究の目的}{section.1}% 2
\BOOKMARK [2][-]{subsection.1.2}{研究の動機}{section.1}% 3
\BOOKMARK [1][-]{section.2}{基本的事項}{}% 4
\BOOKMARK [2][-]{subsection.2.1}{Emacs}{section.2}% 5
\BOOKMARK [2][-]{subsection.2.2}{Ruby}{section.2}% 6
\BOOKMARK [2][-]{subsection.2.3}{RubyGems}{section.2}% 7
\BOOKMARK [2][-]{subsection.2.4}{Keybind}{section.2}% 8
\BOOKMARK [2][-]{subsection.2.5}{CUI\(Character User Interface\)}{section.2}% 9
\BOOKMARK [2][-]{subsection.2.6}{使用したgemファイル}{section.2}% 10
\BOOKMARK [1][-]{section.3}{editor\137learnerの概要}{}% 11
\BOOKMARK [2][-]{subsection.3.1}{Installation}{section.3}% 12
\BOOKMARK [2][-]{subsection.3.2}{uninstall}{section.3}% 13
\BOOKMARK [2][-]{subsection.3.3}{動作環境}{section.3}% 14
\BOOKMARK [2][-]{subsection.3.4}{初期設定}{section.3}% 15
\BOOKMARK [2][-]{subsection.3.5}{delete}{section.3}% 16
\BOOKMARK [2][-]{subsection.3.6}{random\137h.rbとsequential\137h.rb}{section.3}% 17
\BOOKMARK [2][-]{subsection.3.7}{random\137checkの動作}{section.3}% 18
\BOOKMARK [2][-]{subsection.3.8}{sequential\137checkの動作}{section.3}% 19
\BOOKMARK [1][-]{section.4}{実装コードの解説}{}% 20
\BOOKMARK [2][-]{subsection.4.1}{起動時に毎回動作するプログラム}{section.4}% 21
\BOOKMARK [2][-]{subsection.4.2}{ファイル削除処理delete}{section.4}% 22
\BOOKMARK [2][-]{subsection.4.3}{random\137check}{section.4}% 23
\BOOKMARK [2][-]{subsection.4.4}{sequential\137check}{section.4}% 24
\BOOKMARK [2][-]{subsection.4.5}{新しいターミナルを開くopen\137terminal}{section.4}% 25
\BOOKMARK [1][-]{section.5}{他のソフトとの比較}{}% 26
\BOOKMARK [2][-]{subsection.5.1}{PTYPING}{section.5}% 27
\BOOKMARK [2][-]{subsection.5.2}{e-typing}{section.5}% 28
\BOOKMARK [2][-]{subsection.5.3}{寿司打}{section.5}% 29
\BOOKMARK [2][-]{subsection.5.4}{考察}{section.5}% 30
\BOOKMARK [1][-]{section.6}{総括}{}% 31
\BOOKMARK [1][-]{section.7}{謝辞}{}% 32
\BOOKMARK [1][-]{section.8}{付録}{}% 33
\BOOKMARK [1][-]{section.9}{参考文献}{}% 34
